{"D:\\Namaste-React\\vid5_food_app\\src\\components\\Header.js": {"path":"D:\\Namaste-React\\vid5_food_app\\src\\components\\Header.js","statementMap":{"0":{"start":{"line":7,"column":12},"end":{"line":17,"column":1}},"1":{"start":{"line":8,"column":2},"end":{"line":16,"column":4}},"2":{"start":{"line":19,"column":22},"end":{"line":81,"column":1}},"3":{"start":{"line":20,"column":34},"end":{"line":20,"column":49}},"4":{"start":{"line":22,"column":17},"end":{"line":22,"column":40}},"5":{"start":{"line":24,"column":17},"end":{"line":24,"column":28}},"6":{"start":{"line":26,"column":18},"end":{"line":26,"column":58}},"7":{"start":{"line":26,"column":41},"end":{"line":26,"column":57}},"8":{"start":{"line":28,"column":2},"end":{"line":28,"column":25}},"9":{"start":{"line":30,"column":2},"end":{"line":80,"column":4}},"10":{"start":{"line":64,"column":12},"end":{"line":64,"column":32}},"11":{"start":{"line":73,"column":12},"end":{"line":73,"column":31}}},"fnMap":{"0":{"name":"(anonymous_0)","decl":{"start":{"line":7,"column":12},"end":{"line":7,"column":13}},"loc":{"start":{"line":7,"column":18},"end":{"line":17,"column":1}},"line":7},"1":{"name":"(anonymous_1)","decl":{"start":{"line":19,"column":22},"end":{"line":19,"column":23}},"loc":{"start":{"line":19,"column":28},"end":{"line":81,"column":1}},"line":19},"2":{"name":"(anonymous_2)","decl":{"start":{"line":26,"column":30},"end":{"line":26,"column":31}},"loc":{"start":{"line":26,"column":41},"end":{"line":26,"column":57}},"line":26},"3":{"name":"(anonymous_3)","decl":{"start":{"line":63,"column":19},"end":{"line":63,"column":20}},"loc":{"start":{"line":63,"column":25},"end":{"line":65,"column":11}},"line":63},"4":{"name":"(anonymous_4)","decl":{"start":{"line":72,"column":19},"end":{"line":72,"column":20}},"loc":{"start":{"line":72,"column":25},"end":{"line":74,"column":11}},"line":72}},"branchMap":{"0":{"loc":{"start":{"line":54,"column":9},"end":{"line":58,"column":9}},"type":"cond-expr","locations":[{"start":{"line":55,"column":10},"end":{"line":55,"column":39}},{"start":{"line":57,"column":10},"end":{"line":57,"column":40}}],"line":54},"1":{"loc":{"start":{"line":60,"column":7},"end":{"line":78,"column":7}},"type":"cond-expr","locations":[{"start":{"line":61,"column":8},"end":{"line":68,"column":17}},{"start":{"line":70,"column":8},"end":{"line":77,"column":17}}],"line":60}},"s":{"0":1,"1":0,"2":1,"3":5,"4":4,"5":4,"6":4,"7":0,"8":0,"9":0,"10":0,"11":0},"f":{"0":0,"1":5,"2":0,"3":0,"4":0},"b":{"0":[0,0],"1":[0,0]},"_coverageSchema":"1a1c01bbd47fc00a2c39e90264f33305004495a9","hash":"d115cd8ef7080fbdc0225aaf6319a4c9a2b32dd8"}
,"D:\\Namaste-React\\vid5_food_app\\src\\components\\sum.js": {"path":"D:\\Namaste-React\\vid5_food_app\\src\\components\\sum.js","statementMap":{"0":{"start":{"line":1,"column":19},"end":{"line":1,"column":34}},"1":{"start":{"line":1,"column":29},"end":{"line":1,"column":34}},"2":{"start":{"line":3,"column":23},"end":{"line":3,"column":38}},"3":{"start":{"line":3,"column":33},"end":{"line":3,"column":38}}},"fnMap":{"0":{"name":"(anonymous_0)","decl":{"start":{"line":1,"column":19},"end":{"line":1,"column":20}},"loc":{"start":{"line":1,"column":29},"end":{"line":1,"column":34}},"line":1},"1":{"name":"(anonymous_1)","decl":{"start":{"line":3,"column":23},"end":{"line":3,"column":24}},"loc":{"start":{"line":3,"column":33},"end":{"line":3,"column":38}},"line":3}},"branchMap":{},"s":{"0":1,"1":3,"2":1,"3":2},"f":{"0":3,"1":2},"b":{},"_coverageSchema":"1a1c01bbd47fc00a2c39e90264f33305004495a9","hash":"7deda17ebfa126d9a6b87d9a175809495d45f19e"}
,"D:\\Namaste-React\\vid5_food_app\\src\\utils\\useOnline.js": {"path":"D:\\Namaste-React\\vid5_food_app\\src\\utils\\useOnline.js","statementMap":{"0":{"start":{"line":3,"column":18},"end":{"line":24,"column":1}},"1":{"start":{"line":4,"column":36},"end":{"line":4,"column":50}},"2":{"start":{"line":6,"column":2},"end":{"line":21,"column":9}},"3":{"start":{"line":7,"column":23},"end":{"line":9,"column":5}},"4":{"start":{"line":8,"column":6},"end":{"line":8,"column":25}},"5":{"start":{"line":11,"column":24},"end":{"line":13,"column":5}},"6":{"start":{"line":12,"column":6},"end":{"line":12,"column":26}},"7":{"start":{"line":14,"column":4},"end":{"line":14,"column":52}},"8":{"start":{"line":15,"column":4},"end":{"line":15,"column":54}},"9":{"start":{"line":17,"column":4},"end":{"line":20,"column":6}},"10":{"start":{"line":18,"column":6},"end":{"line":18,"column":54}},"11":{"start":{"line":19,"column":6},"end":{"line":19,"column":56}},"12":{"start":{"line":23,"column":2},"end":{"line":23,"column":19}}},"fnMap":{"0":{"name":"(anonymous_0)","decl":{"start":{"line":3,"column":18},"end":{"line":3,"column":19}},"loc":{"start":{"line":3,"column":24},"end":{"line":24,"column":1}},"line":3},"1":{"name":"(anonymous_1)","decl":{"start":{"line":6,"column":12},"end":{"line":6,"column":13}},"loc":{"start":{"line":6,"column":18},"end":{"line":21,"column":3}},"line":6},"2":{"name":"(anonymous_2)","decl":{"start":{"line":7,"column":23},"end":{"line":7,"column":24}},"loc":{"start":{"line":7,"column":29},"end":{"line":9,"column":5}},"line":7},"3":{"name":"(anonymous_3)","decl":{"start":{"line":11,"column":24},"end":{"line":11,"column":25}},"loc":{"start":{"line":11,"column":30},"end":{"line":13,"column":5}},"line":11},"4":{"name":"(anonymous_4)","decl":{"start":{"line":17,"column":11},"end":{"line":17,"column":12}},"loc":{"start":{"line":17,"column":17},"end":{"line":20,"column":5}},"line":17}},"branchMap":{},"s":{"0":1,"1":4,"2":4,"3":0,"4":0,"5":0,"6":0,"7":0,"8":0,"9":0,"10":0,"11":0,"12":4},"f":{"0":4,"1":0,"2":0,"3":0,"4":0},"b":{},"_coverageSchema":"1a1c01bbd47fc00a2c39e90264f33305004495a9","hash":"064d701d173d1898fb6fdc6e434e07df2727b8b6"}
,"D:\\Namaste-React\\vid5_food_app\\src\\utils\\userContext.js": {"path":"D:\\Namaste-React\\vid5_food_app\\src\\utils\\userContext.js","statementMap":{"0":{"start":{"line":3,"column":18},"end":{"line":8,"column":2}}},"fnMap":{},"branchMap":{},"s":{"0":1},"f":{},"b":{},"_coverageSchema":"1a1c01bbd47fc00a2c39e90264f33305004495a9","hash":"5121330d5bde32caca90d2b676faf8ddf0256eea"}
}
